{
  "/workspace/silver-octo-parakeet/vite-project/src/stories/Button.tsx": {
    "path": "/workspace/silver-octo-parakeet/vite-project/src/stories/Button.tsx",
    "statementMap": {
      "0": {
        "start": {
          "line": 1,
          "column": 25
        },
        "end": {
          "line": 1,
          "column": null
        }
      },
      "1": {
        "start": {
          "line": 30,
          "column": 7
        },
        "end": {
          "line": 48,
          "column": 2
        }
      },
      "2": {
        "start": {
          "line": 37,
          "column": 2
        },
        "end": {
          "line": 37,
          "column": null
        }
      },
      "3": {
        "start": {
          "line": 38,
          "column": 2
        },
        "end": {
          "line": 39,
          "column": 5
        }
      },
      "4": {
        "start": {
          "line": 48,
          "column": 2
        },
        "end": {
          "line": 48,
          "column": null
        }
      },
      "5": {
        "start": {
          "line": 30,
          "column": 19
        },
        "end": {
          "line": 30,
          "column": 23
        }
      }
    },
    "fnMap": {
      "0": {
        "name": "(anonymous_0)",
        "decl": {
          "start": {
            "line": 1,
            "column": 25
          },
          "end": {
            "line": 1,
            "column": null
          }
        },
        "loc": {
          "start": {
            "line": 1,
            "column": 25
          },
          "end": {
            "line": 1,
            "column": null
          }
        }
      },
      "1": {
        "name": "(anonymous_1)",
        "decl": {
          "start": {
            "line": 30,
            "column": 7
          },
          "end": {
            "line": 30,
            "column": 19
          }
        },
        "loc": {
          "start": {
            "line": 36,
            "column": 13
          },
          "end": {
            "line": 48,
            "column": 2
          }
        }
      }
    },
    "branchMap": {
      "0": {
        "loc": {
          "start": {
            "line": 1,
            "column": 25
          },
          "end": {
            "line": 1,
            "column": null
          }
        },
        "type": "binary-expr",
        "locations": [
          {
            "start": {
              "line": 1,
              "column": 25
            },
            "end": {
              "line": 1,
              "column": null
            }
          },
          {
            "start": {
              "line": 1,
              "column": 25
            },
            "end": {
              "line": 1,
              "column": null
            }
          }
        ]
      },
      "1": {
        "loc": {
          "start": {
            "line": 1,
            "column": 25
          },
          "end": {
            "line": 1,
            "column": null
          }
        },
        "type": "if",
        "locations": [
          {
            "start": {
              "line": 1,
              "column": 25
            },
            "end": {
              "line": 1,
              "column": null
            }
          }
        ]
      },
      "2": {
        "loc": {
          "start": {
            "line": 30,
            "column": 23
          },
          "end": {
            "line": 30,
            "column": null
          }
        },
        "type": "default-arg",
        "locations": [
          {
            "start": {
              "line": 30,
              "column": 23
            },
            "end": {
              "line": 30,
              "column": null
            }
          }
        ]
      },
      "3": {
        "loc": {
          "start": {
            "line": 31,
            "column": 12
          },
          "end": {
            "line": 31,
            "column": null
          }
        },
        "type": "default-arg",
        "locations": [
          {
            "start": {
              "line": 31,
              "column": 12
            },
            "end": {
              "line": 31,
              "column": null
            }
          }
        ]
      },
      "4": {
        "loc": {
          "start": {
            "line": 37,
            "column": 2
          },
          "end": {
            "line": 37,
            "column": null
          }
        },
        "type": "cond-expr",
        "locations": [
          {
            "start": {
              "line": 37,
              "column": 2
            },
            "end": {
              "line": 37,
              "column": null
            }
          },
          {
            "start": {
              "line": 37,
              "column": 2
            },
            "end": {
              "line": 37,
              "column": null
            }
          }
        ]
      }
    },
    "s": {
      "0": 72,
      "1": 9,
      "2": 25,
      "3": 25,
      "4": 9,
      "5": 9
    },
    "f": {
      "0": 9,
      "1": 25
    },
    "b": {
      "0": [
        18,
        9
      ],
      "1": [
        9
      ],
      "2": [
        16
      ],
      "3": [
        9
      ],
      "4": [
        9,
        16
      ]
    }
  },
  "/workspace/silver-octo-parakeet/vite-project/src/stories/Header.tsx": {
    "path": "/workspace/silver-octo-parakeet/vite-project/src/stories/Header.tsx",
    "statementMap": {
      "0": {
        "start": {
          "line": 1,
          "column": 25
        },
        "end": {
          "line": 1,
          "column": null
        }
      },
      "1": {
        "start": {
          "line": 17,
          "column": 7
        },
        "end": {
          "line": 18,
          "column": null
        }
      },
      "2": {
        "start": {
          "line": 56,
          "column": 2
        },
        "end": {
          "line": 56,
          "column": null
        }
      },
      "3": {
        "start": {
          "line": 17,
          "column": 19
        },
        "end": {
          "line": 17,
          "column": null
        }
      }
    },
    "fnMap": {
      "0": {
        "name": "(anonymous_0)",
        "decl": {
          "start": {
            "line": 1,
            "column": 25
          },
          "end": {
            "line": 1,
            "column": null
          }
        },
        "loc": {
          "start": {
            "line": 1,
            "column": 25
          },
          "end": {
            "line": 1,
            "column": null
          }
        }
      },
      "1": {
        "name": "(anonymous_1)",
        "decl": {
          "start": {
            "line": 17,
            "column": 7
          },
          "end": {
            "line": 17,
            "column": 19
          }
        },
        "loc": {
          "start": {
            "line": 17,
            "column": 7
          },
          "end": {
            "line": 18,
            "column": null
          }
        }
      }
    },
    "branchMap": {
      "0": {
        "loc": {
          "start": {
            "line": 1,
            "column": 25
          },
          "end": {
            "line": 1,
            "column": null
          }
        },
        "type": "binary-expr",
        "locations": [
          {
            "start": {
              "line": 1,
              "column": 25
            },
            "end": {
              "line": 1,
              "column": null
            }
          },
          {
            "start": {
              "line": 1,
              "column": 25
            },
            "end": {
              "line": 1,
              "column": null
            }
          }
        ]
      },
      "1": {
        "loc": {
          "start": {
            "line": 1,
            "column": 25
          },
          "end": {
            "line": 1,
            "column": null
          }
        },
        "type": "if",
        "locations": [
          {
            "start": {
              "line": 1,
              "column": 25
            },
            "end": {
              "line": 1,
              "column": null
            }
          }
        ]
      },
      "2": {
        "loc": {
          "start": {
            "line": 38,
            "column": 6
          },
          "end": {
            "line": 48,
            "column": null
          }
        },
        "type": "cond-expr",
        "locations": [
          {
            "start": {
              "line": 38,
              "column": 6
            },
            "end": {
              "line": 41,
              "column": null
            }
          },
          {
            "start": {
              "line": 41,
              "column": 10
            },
            "end": {
              "line": 48,
              "column": null
            }
          }
        ]
      }
    },
    "s": {
      "0": 32,
      "1": 11,
      "2": 4,
      "3": 4
    },
    "f": {
      "0": 4,
      "1": 7
    },
    "b": {
      "0": [
        8,
        4
      ],
      "1": [
        4
      ],
      "2": [
        3,
        4
      ]
    }
  },
  "/workspace/silver-octo-parakeet/vite-project/src/stories/Page.tsx": {
    "path": "/workspace/silver-octo-parakeet/vite-project/src/stories/Page.tsx",
    "statementMap": {
      "0": {
        "start": {
          "line": 1,
          "column": 25
        },
        "end": {
          "line": 1,
          "column": null
        }
      },
      "1": {
        "start": {
          "line": 10,
          "column": 30
        },
        "end": {
          "line": 73,
          "column": 2
        }
      },
      "2": {
        "start": {
          "line": 10,
          "column": 36
        },
        "end": {
          "line": 10,
          "column": null
        }
      },
      "3": {
        "start": {
          "line": 11,
          "column": 26
        },
        "end": {
          "line": 11,
          "column": null
        }
      },
      "4": {
        "start": {
          "line": 13,
          "column": 2
        },
        "end": {
          "line": 71,
          "column": null
        }
      },
      "5": {
        "start": {
          "line": 17,
          "column": 23
        },
        "end": {
          "line": 17,
          "column": null
        }
      },
      "6": {
        "start": {
          "line": 18,
          "column": 24
        },
        "end": {
          "line": 18,
          "column": null
        }
      },
      "7": {
        "start": {
          "line": 19,
          "column": 31
        },
        "end": {
          "line": 19,
          "column": 61
        }
      },
      "8": {
        "start": {
          "line": 73,
          "column": 2
        },
        "end": {
          "line": 10,
          "column": 30
        }
      },
      "9": {
        "start": {
          "line": 10,
          "column": 27
        },
        "end": {
          "line": null,
          "column": -1
        }
      },
      "10": {
        "start": {
          "line": 10,
          "column": 27
        },
        "end": {
          "line": 10,
          "column": 30
        }
      }
    },
    "fnMap": {
      "0": {
        "name": "(anonymous_0)",
        "decl": {
          "start": {
            "line": 1,
            "column": 25
          },
          "end": {
            "line": 1,
            "column": null
          }
        },
        "loc": {
          "start": {
            "line": 1,
            "column": 25
          },
          "end": {
            "line": 1,
            "column": null
          }
        }
      },
      "1": {
        "name": "(anonymous_1)",
        "decl": {
          "start": {
            "line": 10,
            "column": 30
          },
          "end": {
            "line": 10,
            "column": 36
          }
        },
        "loc": {
          "start": {
            "line": 10,
            "column": 36
          },
          "end": {
            "line": 73,
            "column": 2
          }
        }
      },
      "2": {
        "name": "(anonymous_2)",
        "decl": {
          "start": {
            "line": 17,
            "column": 17
          },
          "end": {
            "line": 17,
            "column": 23
          }
        },
        "loc": {
          "start": {
            "line": 17,
            "column": 23
          },
          "end": {
            "line": 17,
            "column": null
          }
        }
      },
      "3": {
        "name": "(anonymous_3)",
        "decl": {
          "start": {
            "line": 18,
            "column": 18
          },
          "end": {
            "line": 18,
            "column": 24
          }
        },
        "loc": {
          "start": {
            "line": 18,
            "column": 24
          },
          "end": {
            "line": 18,
            "column": null
          }
        }
      },
      "4": {
        "name": "(anonymous_4)",
        "decl": {
          "start": {
            "line": 19,
            "column": 25
          },
          "end": {
            "line": 19,
            "column": 31
          }
        },
        "loc": {
          "start": {
            "line": 19,
            "column": 31
          },
          "end": {
            "line": 19,
            "column": 61
          }
        }
      }
    },
    "branchMap": {
      "0": {
        "loc": {
          "start": {
            "line": 1,
            "column": 25
          },
          "end": {
            "line": 1,
            "column": null
          }
        },
        "type": "binary-expr",
        "locations": [
          {
            "start": {
              "line": 1,
              "column": 25
            },
            "end": {
              "line": 1,
              "column": null
            }
          },
          {
            "start": {
              "line": 1,
              "column": 25
            },
            "end": {
              "line": 1,
              "column": null
            }
          }
        ]
      },
      "1": {
        "loc": {
          "start": {
            "line": 1,
            "column": 25
          },
          "end": {
            "line": 1,
            "column": null
          }
        },
        "type": "if",
        "locations": [
          {
            "start": {
              "line": 1,
              "column": 25
            },
            "end": {
              "line": 1,
              "column": null
            }
          }
        ]
      }
    },
    "s": {
      "0": 18,
      "1": 2,
      "2": 4,
      "3": 4,
      "4": 4,
      "5": 1,
      "6": 0,
      "7": 0,
      "8": 2,
      "9": 2,
      "10": 2
    },
    "f": {
      "0": 2,
      "1": 4,
      "2": 1,
      "3": 0,
      "4": 0
    },
    "b": {
      "0": [
        4,
        2
      ],
      "1": [
        2
      ]
    }
  }
}